CRITICAL - 2025-07-10 07:27:22 --> TypeError: App\Controllers\Home::index(): Return value must be of type string, none returned
[Method: GET, Route: /]
in APPPATH/Controllers/Home.php on line 10.
 1 SYSTEMPATH/CodeIgniter.php(933): App\Controllers\Home->index()
 2 SYSTEMPATH/CodeIgniter.php(507): CodeIgniter\CodeIgniter->runController()
 3 SYSTEMPATH/CodeIgniter.php(354): CodeIgniter\CodeIgniter->handleRequest()
 4 SYSTEMPATH/Boot.php(334): CodeIgniter\CodeIgniter->run()
 5 SYSTEMPATH/Boot.php(67): CodeIgniter\Boot::runCodeIgniter()
 6 FCPATH/index.php(59): CodeIgniter\Boot::bootWeb()
CRITICAL - 2025-07-10 07:30:10 --> ErrorException: Cannot redeclare App\Controllers\Main::index()
[Method: GET, Route: /]
in APPPATH/Controllers/Main.php on line 11.
 1 [internal function]: CodeIgniter\Debug\Exceptions->shutdownHandler()
CRITICAL - 2025-07-10 07:30:11 --> ErrorException: Cannot redeclare App\Controllers\Main::index()
[Method: GET, Route: /]
in APPPATH/Controllers/Main.php on line 11.
 1 [internal function]: CodeIgniter\Debug\Exceptions->shutdownHandler()
CRITICAL - 2025-07-10 07:30:11 --> ErrorException: Cannot redeclare App\Controllers\Main::index()
[Method: GET, Route: /]
in APPPATH/Controllers/Main.php on line 11.
 1 [internal function]: CodeIgniter\Debug\Exceptions->shutdownHandler()
CRITICAL - 2025-07-10 07:30:11 --> ErrorException: Cannot redeclare App\Controllers\Main::index()
[Method: GET, Route: /]
in APPPATH/Controllers/Main.php on line 11.
 1 [internal function]: CodeIgniter\Debug\Exceptions->shutdownHandler()
CRITICAL - 2025-07-10 07:30:12 --> ErrorException: Cannot redeclare App\Controllers\Main::index()
[Method: GET, Route: /]
in APPPATH/Controllers/Main.php on line 11.
 1 [internal function]: CodeIgniter\Debug\Exceptions->shutdownHandler()
CRITICAL - 2025-07-10 07:30:12 --> ErrorException: Cannot redeclare App\Controllers\Main::index()
[Method: GET, Route: /]
in APPPATH/Controllers/Main.php on line 11.
 1 [internal function]: CodeIgniter\Debug\Exceptions->shutdownHandler()
